0 info it worked if it ends with ok
1 verbose cli [ 'node', '/usr/local/bin/npm', 'install', '-g', 'node-inspector' ]
2 info using npm@1.1.65
3 info using node@v0.8.14
4 verbose read json /usr/local/lib/package.json
5 verbose read json /usr/local/lib/package.json
6 verbose cache add [ 'node-inspector', null ]
7 silly cache add name=undefined spec="node-inspector" args=["node-inspector",null]
8 verbose parsed url { pathname: 'node-inspector',
8 verbose parsed url   path: 'node-inspector',
8 verbose parsed url   href: 'node-inspector' }
9 silly lockFile 4198ef9e-node-inspector node-inspector
10 verbose lock node-inspector /Users/maccenter/.npm/4198ef9e-node-inspector.lock
11 silly lockFile 4198ef9e-node-inspector node-inspector
12 verbose addNamed [ 'node-inspector', '' ]
13 verbose addNamed [ null, '' ]
14 silly lockFile e68b88da-node-inspector node-inspector@
15 verbose lock node-inspector@ /Users/maccenter/.npm/e68b88da-node-inspector.lock
16 silly addNameRange { name: 'node-inspector', range: '', hasData: false }
17 verbose url raw node-inspector
18 verbose url resolving [ 'https://registry.npmjs.org/', './node-inspector' ]
19 verbose url resolved https://registry.npmjs.org/node-inspector
20 info trying registry request attempt 1 at 08:02:51
21 verbose etag "APU3VT6Z43RTVQFALL1NN988Z"
22 http GET https://registry.npmjs.org/node-inspector
23 http 200 https://registry.npmjs.org/node-inspector
24 silly registry.get cb [ 200,
24 silly registry.get   { vary: 'Accept',
24 silly registry.get     server: 'CouchDB/1.2.1 (Erlang OTP/R15B03)',
24 silly registry.get     etag: '"E9N8I0U192VHCPLXFAZCMX1X6"',
24 silly registry.get     date: 'Mon, 08 Apr 2013 01:02:53 GMT',
24 silly registry.get     'content-type': 'application/json',
24 silly registry.get     'content-length': '34849' } ]
25 silly addNameRange number 2 { name: 'node-inspector', range: '', hasData: true }
26 silly addNameRange versions [ 'node-inspector',
26 silly addNameRange   [ '0.0.1',
26 silly addNameRange     '0.0.2',
26 silly addNameRange     '0.0.3',
26 silly addNameRange     '0.0.4',
26 silly addNameRange     '0.1.0',
26 silly addNameRange     '0.1.1',
26 silly addNameRange     '0.1.2',
26 silly addNameRange     '0.1.3',
26 silly addNameRange     '0.1.4',
26 silly addNameRange     '0.1.5',
26 silly addNameRange     '0.1.6',
26 silly addNameRange     '0.1.7',
26 silly addNameRange     '0.1.8',
26 silly addNameRange     '0.1.9',
26 silly addNameRange     '0.1.10',
26 silly addNameRange     '0.2.0beta1',
26 silly addNameRange     '0.2.0beta2',
26 silly addNameRange     '0.2.0beta3',
26 silly addNameRange     '0.2.0beta4' ] ]
27 verbose addNamed [ 'node-inspector', '0.2.0beta4' ]
28 verbose addNamed [ '0.2.0beta4', '0.2.0beta4' ]
29 silly lockFile a798fff4-node-inspector-0-2-0beta4 node-inspector@0.2.0beta4
30 verbose lock node-inspector@0.2.0beta4 /Users/maccenter/.npm/a798fff4-node-inspector-0-2-0beta4.lock
31 silly lockFile c7ebfedc-or-node-inspector-0-2-0beta4-tgz https://registry.npmjs.org/node-inspector/-/node-inspector-0.2.0beta4.tgz
32 verbose lock https://registry.npmjs.org/node-inspector/-/node-inspector-0.2.0beta4.tgz /Users/maccenter/.npm/c7ebfedc-or-node-inspector-0-2-0beta4-tgz.lock
33 verbose addRemoteTarball [ 'https://registry.npmjs.org/node-inspector/-/node-inspector-0.2.0beta4.tgz',
33 verbose addRemoteTarball   'c850880e32c509062e8e08f7028a6e8ac8ba8aae' ]
34 info retry fetch attempt 1 at 08:02:54
35 verbose fetch to= /var/folders/rk/q50x6k_90nv0cmvm2117740c0000gn/T/npm-19865/1365382974158-0.6955508722458035/tmp.tgz
36 http GET https://registry.npmjs.org/node-inspector/-/node-inspector-0.2.0beta4.tgz
37 http 200 https://registry.npmjs.org/node-inspector/-/node-inspector-0.2.0beta4.tgz
38 silly shasum updated bytes 40960
39 silly shasum updated bytes 40960
40 silly shasum updated bytes 40960
41 silly shasum updated bytes 40960
42 silly shasum updated bytes 40960
43 silly shasum updated bytes 40960
44 silly shasum updated bytes 40960
45 silly shasum updated bytes 40960
46 silly shasum updated bytes 40960
47 silly shasum updated bytes 40960
48 silly shasum updated bytes 40960
49 silly shasum updated bytes 40960
50 silly shasum updated bytes 40960
51 silly shasum updated bytes 40960
52 silly shasum updated bytes 40960
53 silly shasum updated bytes 40960
54 silly shasum updated bytes 26314
55 info shasum c850880e32c509062e8e08f7028a6e8ac8ba8aae
55 info shasum /var/folders/rk/q50x6k_90nv0cmvm2117740c0000gn/T/npm-19865/1365382974158-0.6955508722458035/tmp.tgz
56 verbose tar unpack /var/folders/rk/q50x6k_90nv0cmvm2117740c0000gn/T/npm-19865/1365382974158-0.6955508722458035/tmp.tgz
57 silly lockFile 26a75e0c-74158-0-6955508722458035-package /var/folders/rk/q50x6k_90nv0cmvm2117740c0000gn/T/npm-19865/1365382974158-0.6955508722458035/package
58 verbose lock /var/folders/rk/q50x6k_90nv0cmvm2117740c0000gn/T/npm-19865/1365382974158-0.6955508722458035/package /Users/maccenter/.npm/26a75e0c-74158-0-6955508722458035-package.lock
59 silly gunzTarPerm modes [ '755', '644' ]
60 silly gunzTarPerm extractEntry package.json
61 silly gunzTarPerm extractEntry .npmignore
62 silly gunzTarPerm extractEntry LICENSE
63 silly gunzTarPerm extractEntry ChangeLog
64 silly gunzTarPerm extractEntry bin/inspector.js
65 silly gunzTarPerm extractEntry config.json
66 silly gunzTarPerm extractEntry front-end/devtools.js
67 silly gunzTarPerm extractEntry front-end/node/InspectorBackendStub.js
68 silly gunzTarPerm extractEntry front-end/node/InspectorFrontendHostStub.js
69 silly gunzTarPerm extractEntry front-end/node/Overrides.js
70 silly gunzTarPerm extractEntry front-end/Images/resourcesSizeGraphIcon.png
71 silly gunzTarPerm extractEntry front-end/Images/applicationCache.png
72 silly gunzTarPerm extractEntry front-end/Images/back.png
73 silly gunzTarPerm extractEntry front-end/Images/breakpointBorder.png
74 silly gunzTarPerm extractEntry front-end/Images/breakpointConditionalBorder.png
75 silly gunzTarPerm extractEntry front-end/Images/breakpointConditionalCounterBorder.png
76 silly gunzTarPerm extractEntry front-end/Images/breakpointCounterBorder.png
77 silly gunzTarPerm extractEntry front-end/Images/breakpointsActivateButtonGlyph.png
78 silly gunzTarPerm extractEntry front-end/Images/breakpointsDeactivateButtonGlyph.png
79 silly gunzTarPerm extractEntry front-end/Images/checker.png
80 silly gunzTarPerm extractEntry front-end/Images/clearConsoleButtonGlyph.png
81 silly gunzTarPerm extractEntry front-end/Images/closeButtons.png
82 silly gunzTarPerm extractEntry front-end/Images/consoleButtonGlyph.png
83 silly gunzTarPerm extractEntry front-end/Images/consoleIcon.png
84 silly gunzTarPerm extractEntry front-end/Images/cookie.png
85 silly gunzTarPerm extractEntry front-end/Images/database.png
86 silly gunzTarPerm extractEntry front-end/Images/databaseTable.png
87 silly gunzTarPerm extractEntry front-end/Images/debuggerContinue.png
88 silly gunzTarPerm extractEntry front-end/Images/debuggerPause.png
89 silly gunzTarPerm extractEntry front-end/Images/debuggerStepInto.png
90 silly gunzTarPerm extractEntry front-end/Images/debuggerStepOut.png
91 silly gunzTarPerm extractEntry front-end/Images/debuggerStepOver.png
92 silly gunzTarPerm extractEntry front-end/Images/deleteIcon.png
93 silly gunzTarPerm extractEntry front-end/Images/disclosureTriangleSmallDown.png
94 silly gunzTarPerm extractEntry front-end/Images/disclosureTriangleSmallDownBlack.png
95 silly gunzTarPerm extractEntry front-end/Images/disclosureTriangleSmallDownWhite.png
96 silly gunzTarPerm extractEntry front-end/Images/disclosureTriangleSmallRight.png
97 silly gunzTarPerm extractEntry front-end/Images/disclosureTriangleSmallRightBlack.png
98 silly gunzTarPerm extractEntry front-end/Images/disclosureTriangleSmallRightDown.png
99 silly gunzTarPerm extractEntry front-end/Images/disclosureTriangleSmallRightDownBlack.png
100 silly gunzTarPerm extractEntry front-end/Images/disclosureTriangleSmallRightDownWhite.png
101 silly gunzTarPerm extractEntry front-end/Images/disclosureTriangleSmallRightWhite.png
102 silly gunzTarPerm extractEntry front-end/Images/dockButtonGlyph.png
103 silly gunzTarPerm extractEntry front-end/Images/elementsIcon.png
104 silly gunzTarPerm extractEntry front-end/Images/enableOutlineButtonGlyph.png
105 silly gunzTarPerm extractEntry front-end/Images/enableSolidButtonGlyph.png
106 silly gunzTarPerm extractEntry front-end/Images/errorIcon.png
107 silly gunzTarPerm extractEntry front-end/Images/errorMediumIcon.png
108 silly gunzTarPerm extractEntry front-end/Images/errorRedDot.png
109 silly gunzTarPerm extractEntry front-end/Images/excludeButtonGlyph.png
110 silly gunzTarPerm extractEntry front-end/Images/focusButtonGlyph.png
111 silly gunzTarPerm extractEntry front-end/Images/forward.png
112 silly gunzTarPerm extractEntry front-end/Images/frame.png
113 silly gunzTarPerm extractEntry front-end/Images/gearButtonGlyph.png
114 silly gunzTarPerm extractEntry front-end/Images/glossyHeader.png
115 silly gunzTarPerm extractEntry front-end/Images/glossyHeaderPressed.png
116 silly gunzTarPerm extractEntry front-end/Images/glossyHeaderSelected.png
117 silly gunzTarPerm extractEntry front-end/Images/glossyHeaderSelectedPressed.png
118 silly gunzTarPerm extractEntry front-end/Images/goArrow.png
119 silly gunzTarPerm extractEntry front-end/Images/graphLabelCalloutLeft.png
120 silly gunzTarPerm extractEntry front-end/Images/graphLabelCalloutRight.png
121 silly gunzTarPerm extractEntry front-end/Images/largerResourcesButtonGlyph.png
122 silly gunzTarPerm extractEntry front-end/Images/localStorage.png
123 silly gunzTarPerm extractEntry front-end/Images/navigatorShowHideButton.png
124 silly gunzTarPerm extractEntry front-end/Images/networkIcon.png
125 silly gunzTarPerm extractEntry front-end/Images/nodeSearchButtonGlyph.png
126 silly gunzTarPerm extractEntry front-end/Images/paneAddButtons.png
127 silly gunzTarPerm extractEntry front-end/Images/paneBottomGrow.png
128 silly gunzTarPerm extractEntry front-end/Images/paneBottomGrowActive.png
129 silly gunzTarPerm extractEntry front-end/Images/paneElementStateButtons.png
130 silly gunzTarPerm extractEntry front-end/Images/paneFilterButtons.png
131 silly gunzTarPerm extractEntry front-end/Images/paneGrowHandleLine.png
132 silly gunzTarPerm extractEntry front-end/Images/paneRefreshButtons.png
133 silly gunzTarPerm extractEntry front-end/Images/paneSettingsButtons.png
134 silly gunzTarPerm extractEntry front-end/Images/pauseOnExceptionButtonGlyph.png
135 silly gunzTarPerm extractEntry front-end/Images/percentButtonGlyph.png
136 silly gunzTarPerm extractEntry front-end/Images/popoverArrows.png
137 silly gunzTarPerm extractEntry front-end/Images/popoverBackground.png
138 silly gunzTarPerm extractEntry front-end/Images/profileGroupIcon.png
139 silly gunzTarPerm extractEntry front-end/Images/profileIcon.png
140 silly gunzTarPerm extractEntry front-end/Images/profileSmallIcon.png
141 silly gunzTarPerm extractEntry front-end/Images/profilesIcon.png
142 silly gunzTarPerm extractEntry front-end/Images/profilesSilhouette.png
143 silly gunzTarPerm extractEntry front-end/Images/programCounterBorder.png
144 silly gunzTarPerm extractEntry front-end/Images/radioDot.png
145 silly gunzTarPerm extractEntry front-end/Images/recordButtonGlyph.png
146 silly gunzTarPerm extractEntry front-end/Images/recordToggledButtonGlyph.png
147 silly gunzTarPerm extractEntry front-end/Images/reloadButtonGlyph.png
148 silly gunzTarPerm extractEntry front-end/Images/resourceCSSIcon.png
149 silly gunzTarPerm extractEntry front-end/Images/resourceDocumentIcon.png
150 silly gunzTarPerm extractEntry front-end/Images/resourceDocumentIconSmall.png
151 silly gunzTarPerm extractEntry front-end/Images/resourceJSIcon.png
152 silly gunzTarPerm extractEntry front-end/Images/resourcePlainIcon.png
153 silly gunzTarPerm extractEntry front-end/Images/resourcePlainIconSmall.png
154 silly gunzTarPerm extractEntry front-end/Images/resourcesIcon.png
155 silly gunzTarPerm extractEntry front-end/Images/auditsIcon.png
156 silly gunzTarPerm extractEntry front-end/Images/resourcesTimeGraphIcon.png
157 silly gunzTarPerm extractEntry front-end/Images/scriptsIcon.png
158 silly gunzTarPerm extractEntry front-end/Images/scriptsSilhouette.png
159 silly gunzTarPerm extractEntry front-end/Images/searchSmallBlue.png
160 silly gunzTarPerm extractEntry front-end/Images/searchSmallBrightBlue.png
161 silly gunzTarPerm extractEntry front-end/Images/searchSmallGray.png
162 silly gunzTarPerm extractEntry front-end/Images/searchSmallWhite.png
163 silly gunzTarPerm extractEntry front-end/Images/segment.png
164 silly gunzTarPerm extractEntry front-end/Images/segmentEnd.png
165 silly gunzTarPerm extractEntry front-end/Images/segmentHover.png
166 silly gunzTarPerm extractEntry front-end/Images/segmentHoverEnd.png
167 silly gunzTarPerm extractEntry front-end/Images/segmentSelected.png
168 silly gunzTarPerm extractEntry front-end/Images/segmentSelectedEnd.png
169 silly gunzTarPerm extractEntry front-end/Images/sessionStorage.png
170 silly gunzTarPerm extractEntry front-end/Images/spinner.gif
171 silly gunzTarPerm extractEntry front-end/Images/spinnerActive.gif
172 silly gunzTarPerm extractEntry front-end/Images/spinnerActiveSelected.gif
173 silly gunzTarPerm extractEntry front-end/Images/spinnerInactive.gif
174 silly gunzTarPerm extractEntry front-end/Images/spinnerInactiveSelected.gif
175 silly gunzTarPerm extractEntry front-end/Images/splitviewDimple.png
176 silly gunzTarPerm extractEntry front-end/Images/splitviewDividerBackground.png
177 silly gunzTarPerm extractEntry front-end/Images/statusbarBackground.png
178 silly gunzTarPerm extractEntry front-end/Images/statusbarBackgroundChromium.png
179 silly gunzTarPerm extractEntry front-end/Images/statusbarBottomBackground.png
180 silly gunzTarPerm extractEntry front-end/Images/statusbarBottomBackgroundChromium.png
181 silly gunzTarPerm extractEntry front-end/Images/statusbarButtonGlyphs.png
182 silly gunzTarPerm extractEntry front-end/Images/statusbarButtons.png
183 silly gunzTarPerm extractEntry front-end/Images/statusbarButtonsChromium.png
184 silly gunzTarPerm extractEntry front-end/Images/statusbarMenuButton.png
185 silly gunzTarPerm extractEntry front-end/Images/statusbarMenuButtonChromium.png
186 silly gunzTarPerm extractEntry front-end/Images/statusbarMenuButtonSelected.png
187 silly gunzTarPerm extractEntry front-end/Images/statusbarMenuButtonSelectedChromium.png
188 silly gunzTarPerm extractEntry front-end/Images/statusbarResizerHorizontal.png
189 silly gunzTarPerm extractEntry front-end/Images/statusbarResizerVertical.png
190 silly gunzTarPerm extractEntry front-end/Images/successGreenDot.png
191 silly gunzTarPerm extractEntry front-end/Images/thumbActiveHoriz.png
192 silly gunzTarPerm extractEntry front-end/Images/thumbActiveVert.png
193 silly gunzTarPerm extractEntry front-end/Images/thumbHoriz.png
194 silly gunzTarPerm extractEntry front-end/Images/thumbHoverHoriz.png
195 silly gunzTarPerm extractEntry front-end/Images/thumbHoverVert.png
196 silly gunzTarPerm extractEntry front-end/Images/thumbVert.png
197 silly gunzTarPerm extractEntry front-end/Images/timelineBarBlue.png
198 silly gunzTarPerm extractEntry front-end/Images/timelineBarGray.png
199 silly gunzTarPerm extractEntry front-end/Images/timelineBarGreen.png
200 silly gunzTarPerm extractEntry front-end/Images/timelineBarOrange.png
201 silly gunzTarPerm extractEntry front-end/Images/timelineBarPurple.png
202 silly gunzTarPerm extractEntry front-end/Images/timelineBarRed.png
203 silly gunzTarPerm extractEntry front-end/Images/timelineBarYellow.png
204 silly gunzTarPerm extractEntry front-end/Images/timelineCheckmarks.png
205 silly gunzTarPerm extractEntry front-end/Images/timelineDots.png
206 silly gunzTarPerm extractEntry front-end/Images/timelineHollowPillBlue.png
207 silly gunzTarPerm extractEntry front-end/Images/timelineHollowPillGray.png
208 silly gunzTarPerm extractEntry front-end/Images/timelineHollowPillGreen.png
209 silly gunzTarPerm extractEntry front-end/Images/timelineHollowPillOrange.png
210 silly gunzTarPerm extractEntry front-end/Images/timelineHollowPillPurple.png
211 silly gunzTarPerm extractEntry front-end/Images/timelineHollowPillRed.png
212 silly gunzTarPerm extractEntry front-end/Images/timelineHollowPillYellow.png
213 silly gunzTarPerm extractEntry front-end/Images/timelineIcon.png
214 silly gunzTarPerm extractEntry front-end/Images/timelinePillBlue.png
215 silly gunzTarPerm extractEntry front-end/Images/timelinePillGray.png
216 silly gunzTarPerm extractEntry front-end/Images/timelinePillGreen.png
217 silly gunzTarPerm extractEntry front-end/Images/timelinePillOrange.png
218 silly gunzTarPerm extractEntry front-end/Images/timelinePillPurple.png
219 silly gunzTarPerm extractEntry front-end/Images/timelinePillRed.png
220 silly gunzTarPerm extractEntry front-end/Images/timelinePillYellow.png
221 silly gunzTarPerm extractEntry front-end/Images/toolbarIcons.png
222 silly gunzTarPerm extractEntry front-end/Images/toolbarIconsSmall.png
223 silly gunzTarPerm extractEntry front-end/Images/toolbarItemSelected.png
224 silly gunzTarPerm extractEntry front-end/Images/trackHoriz.png
225 silly gunzTarPerm extractEntry front-end/Images/trackVert.png
226 silly gunzTarPerm extractEntry front-end/Images/treeDownTriangleBlack.png
227 silly gunzTarPerm extractEntry front-end/Images/treeDownTriangleWhite.png
228 silly gunzTarPerm extractEntry front-end/Images/treeRightTriangleBlack.png
229 silly gunzTarPerm extractEntry front-end/Images/treeRightTriangleWhite.png
230 silly gunzTarPerm extractEntry front-end/Images/treeUpTriangleBlack.png
231 silly gunzTarPerm extractEntry front-end/Images/treeUpTriangleWhite.png
232 silly gunzTarPerm extractEntry front-end/Images/undockButtonGlyph.png
233 silly gunzTarPerm extractEntry front-end/Images/userInputIcon.png
234 silly gunzTarPerm extractEntry front-end/Images/userInputPreviousIcon.png
235 silly gunzTarPerm extractEntry front-end/Images/userInputResultIcon.png
236 silly gunzTarPerm extractEntry front-end/Images/warningIcon.png
237 silly gunzTarPerm extractEntry front-end/Images/warningMediumIcon.png
238 silly gunzTarPerm extractEntry front-end/Images/warningOrangeDot.png
239 silly gunzTarPerm extractEntry front-end/Images/warningsErrors.png
240 silly gunzTarPerm extractEntry front-end/helpScreen.css
241 silly gunzTarPerm extractEntry front-end/index.html
242 silly gunzTarPerm extractEntry front-end/navigatorView.css
243 silly gunzTarPerm extractEntry front-end/devtools.css
244 silly gunzTarPerm extractEntry front-end/scriptsPanel.css
245 silly gunzTarPerm extractEntry front-end/splitView.css
246 silly gunzTarPerm extractEntry front-end/tabbedPane.css
247 silly gunzTarPerm extractEntry front-end/textPrompt.css
248 silly gunzTarPerm extractEntry front-end/textViewer.css
249 silly gunzTarPerm extractEntry lib/callback.js
250 silly gunzTarPerm extractEntry lib/client.js
251 silly gunzTarPerm extractEntry lib/debug-server.js
252 silly gunzTarPerm extractEntry lib/protocol.js
253 silly gunzTarPerm extractEntry lib/session2.js
254 silly gunzTarPerm extractEntry lib/v2w.js
255 silly gunzTarPerm extractEntry lib/front-end/browser.js
256 silly gunzTarPerm extractEntry lib/front-end/callframe.js
257 silly gunzTarPerm extractEntry lib/front-end/console.js
258 silly gunzTarPerm extractEntry lib/front-end/debugger.js
259 silly gunzTarPerm extractEntry lib/front-end/location.js
260 silly gunzTarPerm extractEntry lib/front-end/remote-object.js
261 silly gunzTarPerm extractEntry lib/front-end/runtime.js
262 silly gunzTarPerm extractEntry lib/front-end/scope.js
263 silly gunzTarPerm extractEntry readme.md
264 silly gunzTarPerm extractEntry test/hello.js
265 verbose read json /var/folders/rk/q50x6k_90nv0cmvm2117740c0000gn/T/npm-19865/1365382974158-0.6955508722458035/package/package.json
266 silly lockFile 26a75e0c-74158-0-6955508722458035-package /var/folders/rk/q50x6k_90nv0cmvm2117740c0000gn/T/npm-19865/1365382974158-0.6955508722458035/package
267 verbose from cache /var/folders/rk/q50x6k_90nv0cmvm2117740c0000gn/T/npm-19865/1365382974158-0.6955508722458035/package/package.json
268 verbose tar pack [ '/Users/maccenter/.npm/node-inspector/0.2.0beta4/package.tgz',
268 verbose tar pack   '/var/folders/rk/q50x6k_90nv0cmvm2117740c0000gn/T/npm-19865/1365382974158-0.6955508722458035/package' ]
269 verbose tarball /Users/maccenter/.npm/node-inspector/0.2.0beta4/package.tgz
270 verbose folder /var/folders/rk/q50x6k_90nv0cmvm2117740c0000gn/T/npm-19865/1365382974158-0.6955508722458035/package
271 silly lockFile c63368c3-inspector-0-2-0beta4-package-tgz /Users/maccenter/.npm/node-inspector/0.2.0beta4/package.tgz
272 verbose lock /Users/maccenter/.npm/node-inspector/0.2.0beta4/package.tgz /Users/maccenter/.npm/c63368c3-inspector-0-2-0beta4-package-tgz.lock
273 silly lockFile c63368c3-inspector-0-2-0beta4-package-tgz /Users/maccenter/.npm/node-inspector/0.2.0beta4/package.tgz
274 silly lockFile c7661f49-ode-inspector-0-2-0beta4-package /Users/maccenter/.npm/node-inspector/0.2.0beta4/package
275 verbose lock /Users/maccenter/.npm/node-inspector/0.2.0beta4/package /Users/maccenter/.npm/c7661f49-ode-inspector-0-2-0beta4-package.lock
276 silly lockFile c7661f49-ode-inspector-0-2-0beta4-package /Users/maccenter/.npm/node-inspector/0.2.0beta4/package
277 verbose tar unpack /Users/maccenter/.npm/node-inspector/0.2.0beta4/package.tgz
278 silly lockFile c7661f49-ode-inspector-0-2-0beta4-package /Users/maccenter/.npm/node-inspector/0.2.0beta4/package
279 verbose lock /Users/maccenter/.npm/node-inspector/0.2.0beta4/package /Users/maccenter/.npm/c7661f49-ode-inspector-0-2-0beta4-package.lock
280 silly gunzTarPerm modes [ '755', '644' ]
281 silly gunzTarPerm extractEntry package.json
282 silly gunzTarPerm extractEntry .npmignore
283 silly gunzTarPerm extractEntry LICENSE
284 silly gunzTarPerm extractEntry bin/inspector.js
285 silly gunzTarPerm extractEntry ChangeLog
286 silly gunzTarPerm extractEntry config.json
287 silly gunzTarPerm extractEntry front-end/devtools.js
288 silly gunzTarPerm extractEntry front-end/node/InspectorBackendStub.js
289 silly gunzTarPerm extractEntry front-end/node/InspectorFrontendHostStub.js
290 silly gunzTarPerm extractEntry front-end/node/Overrides.js
291 silly gunzTarPerm extractEntry front-end/helpScreen.css
292 silly gunzTarPerm extractEntry front-end/Images/resourcesSizeGraphIcon.png
293 silly gunzTarPerm extractEntry front-end/Images/applicationCache.png
294 silly gunzTarPerm extractEntry front-end/Images/back.png
295 silly gunzTarPerm extractEntry front-end/Images/breakpointBorder.png
296 silly gunzTarPerm extractEntry front-end/Images/breakpointConditionalBorder.png
297 silly gunzTarPerm extractEntry front-end/Images/breakpointConditionalCounterBorder.png
298 silly gunzTarPerm extractEntry front-end/Images/breakpointCounterBorder.png
299 silly gunzTarPerm extractEntry front-end/Images/breakpointsActivateButtonGlyph.png
300 silly gunzTarPerm extractEntry front-end/Images/breakpointsDeactivateButtonGlyph.png
301 silly gunzTarPerm extractEntry front-end/Images/checker.png
302 silly gunzTarPerm extractEntry front-end/Images/clearConsoleButtonGlyph.png
303 silly gunzTarPerm extractEntry front-end/Images/closeButtons.png
304 silly gunzTarPerm extractEntry front-end/Images/consoleButtonGlyph.png
305 silly gunzTarPerm extractEntry front-end/Images/consoleIcon.png
306 silly gunzTarPerm extractEntry front-end/Images/cookie.png
307 silly gunzTarPerm extractEntry front-end/Images/database.png
308 silly gunzTarPerm extractEntry front-end/Images/databaseTable.png
309 silly gunzTarPerm extractEntry front-end/Images/debuggerContinue.png
310 silly gunzTarPerm extractEntry front-end/Images/debuggerPause.png
311 silly gunzTarPerm extractEntry front-end/Images/debuggerStepInto.png
312 silly gunzTarPerm extractEntry front-end/Images/debuggerStepOut.png
313 silly gunzTarPerm extractEntry front-end/Images/debuggerStepOver.png
314 silly gunzTarPerm extractEntry front-end/Images/deleteIcon.png
315 silly gunzTarPerm extractEntry front-end/Images/disclosureTriangleSmallDown.png
316 silly gunzTarPerm extractEntry front-end/Images/disclosureTriangleSmallDownBlack.png
317 silly gunzTarPerm extractEntry front-end/Images/disclosureTriangleSmallDownWhite.png
318 silly gunzTarPerm extractEntry front-end/Images/disclosureTriangleSmallRight.png
319 silly gunzTarPerm extractEntry front-end/Images/disclosureTriangleSmallRightBlack.png
320 silly gunzTarPerm extractEntry front-end/Images/disclosureTriangleSmallRightDown.png
321 silly gunzTarPerm extractEntry front-end/Images/disclosureTriangleSmallRightDownBlack.png
322 silly gunzTarPerm extractEntry front-end/Images/disclosureTriangleSmallRightDownWhite.png
323 silly gunzTarPerm extractEntry front-end/Images/disclosureTriangleSmallRightWhite.png
324 silly gunzTarPerm extractEntry front-end/Images/dockButtonGlyph.png
325 silly gunzTarPerm extractEntry front-end/Images/elementsIcon.png
326 silly gunzTarPerm extractEntry front-end/Images/enableOutlineButtonGlyph.png
327 silly gunzTarPerm extractEntry front-end/Images/enableSolidButtonGlyph.png
328 silly gunzTarPerm extractEntry front-end/Images/errorIcon.png
329 silly gunzTarPerm extractEntry front-end/Images/errorMediumIcon.png
330 silly gunzTarPerm extractEntry front-end/Images/errorRedDot.png
331 silly gunzTarPerm extractEntry front-end/Images/excludeButtonGlyph.png
332 silly gunzTarPerm extractEntry front-end/Images/focusButtonGlyph.png
333 silly gunzTarPerm extractEntry front-end/Images/forward.png
334 silly gunzTarPerm extractEntry front-end/Images/frame.png
335 silly gunzTarPerm extractEntry front-end/Images/gearButtonGlyph.png
336 silly gunzTarPerm extractEntry front-end/Images/glossyHeader.png
337 silly gunzTarPerm extractEntry front-end/Images/glossyHeaderPressed.png
338 silly gunzTarPerm extractEntry front-end/Images/glossyHeaderSelected.png
339 silly gunzTarPerm extractEntry front-end/Images/glossyHeaderSelectedPressed.png
340 silly gunzTarPerm extractEntry front-end/Images/goArrow.png
341 silly gunzTarPerm extractEntry front-end/Images/graphLabelCalloutLeft.png
342 silly gunzTarPerm extractEntry front-end/Images/graphLabelCalloutRight.png
343 silly gunzTarPerm extractEntry front-end/Images/largerResourcesButtonGlyph.png
344 silly gunzTarPerm extractEntry front-end/Images/localStorage.png
345 silly gunzTarPerm extractEntry front-end/Images/navigatorShowHideButton.png
346 silly gunzTarPerm extractEntry front-end/Images/networkIcon.png
347 silly gunzTarPerm extractEntry front-end/Images/nodeSearchButtonGlyph.png
348 silly gunzTarPerm extractEntry front-end/Images/paneAddButtons.png
349 silly gunzTarPerm extractEntry front-end/Images/paneBottomGrow.png
350 silly gunzTarPerm extractEntry front-end/Images/paneBottomGrowActive.png
351 silly gunzTarPerm extractEntry front-end/Images/paneElementStateButtons.png
352 silly gunzTarPerm extractEntry front-end/Images/paneFilterButtons.png
353 silly gunzTarPerm extractEntry front-end/Images/paneGrowHandleLine.png
354 silly gunzTarPerm extractEntry front-end/Images/paneRefreshButtons.png
355 silly gunzTarPerm extractEntry front-end/Images/paneSettingsButtons.png
356 silly gunzTarPerm extractEntry front-end/Images/pauseOnExceptionButtonGlyph.png
357 silly gunzTarPerm extractEntry front-end/Images/percentButtonGlyph.png
358 silly gunzTarPerm extractEntry front-end/Images/popoverArrows.png
359 silly gunzTarPerm extractEntry front-end/Images/popoverBackground.png
360 silly gunzTarPerm extractEntry front-end/Images/profileGroupIcon.png
361 silly gunzTarPerm extractEntry front-end/Images/profileIcon.png
362 silly gunzTarPerm extractEntry front-end/Images/profilesIcon.png
363 silly gunzTarPerm extractEntry front-end/Images/profileSmallIcon.png
364 silly gunzTarPerm extractEntry front-end/Images/profilesSilhouette.png
365 silly gunzTarPerm extractEntry front-end/Images/programCounterBorder.png
366 silly gunzTarPerm extractEntry front-end/Images/radioDot.png
367 silly gunzTarPerm extractEntry front-end/Images/recordButtonGlyph.png
368 silly gunzTarPerm extractEntry front-end/Images/recordToggledButtonGlyph.png
369 silly gunzTarPerm extractEntry front-end/Images/reloadButtonGlyph.png
370 silly gunzTarPerm extractEntry front-end/Images/resourceCSSIcon.png
371 silly gunzTarPerm extractEntry front-end/Images/resourceDocumentIcon.png
372 silly gunzTarPerm extractEntry front-end/Images/resourceDocumentIconSmall.png
373 silly gunzTarPerm extractEntry front-end/Images/resourceJSIcon.png
374 silly gunzTarPerm extractEntry front-end/Images/resourcePlainIcon.png
375 silly gunzTarPerm extractEntry front-end/Images/resourcePlainIconSmall.png
376 silly gunzTarPerm extractEntry front-end/Images/resourcesIcon.png
377 silly gunzTarPerm extractEntry front-end/Images/auditsIcon.png
378 silly gunzTarPerm extractEntry front-end/Images/resourcesTimeGraphIcon.png
379 silly gunzTarPerm extractEntry front-end/Images/scriptsIcon.png
380 silly gunzTarPerm extractEntry front-end/Images/scriptsSilhouette.png
381 silly gunzTarPerm extractEntry front-end/Images/searchSmallBlue.png
382 silly gunzTarPerm extractEntry front-end/Images/searchSmallBrightBlue.png
383 silly gunzTarPerm extractEntry front-end/Images/searchSmallGray.png
384 silly gunzTarPerm extractEntry front-end/Images/searchSmallWhite.png
385 silly gunzTarPerm extractEntry front-end/Images/segment.png
386 silly gunzTarPerm extractEntry front-end/Images/segmentEnd.png
387 silly gunzTarPerm extractEntry front-end/Images/segmentHover.png
388 silly gunzTarPerm extractEntry front-end/Images/segmentHoverEnd.png
389 silly gunzTarPerm extractEntry front-end/Images/segmentSelected.png
390 silly gunzTarPerm extractEntry front-end/Images/segmentSelectedEnd.png
391 silly gunzTarPerm extractEntry front-end/Images/sessionStorage.png
392 silly gunzTarPerm extractEntry front-end/Images/spinner.gif
393 silly gunzTarPerm extractEntry front-end/Images/spinnerActive.gif
394 silly gunzTarPerm extractEntry front-end/Images/spinnerActiveSelected.gif
395 silly gunzTarPerm extractEntry front-end/Images/spinnerInactive.gif
396 silly gunzTarPerm extractEntry front-end/Images/spinnerInactiveSelected.gif
397 silly gunzTarPerm extractEntry front-end/Images/splitviewDimple.png
398 silly gunzTarPerm extractEntry front-end/Images/splitviewDividerBackground.png
399 silly gunzTarPerm extractEntry front-end/Images/statusbarBackground.png
400 silly gunzTarPerm extractEntry front-end/Images/statusbarBackgroundChromium.png
401 silly gunzTarPerm extractEntry front-end/Images/statusbarBottomBackground.png
402 silly gunzTarPerm extractEntry front-end/Images/statusbarBottomBackgroundChromium.png
403 silly gunzTarPerm extractEntry front-end/Images/statusbarButtonGlyphs.png
404 silly gunzTarPerm extractEntry front-end/Images/statusbarButtons.png
405 silly gunzTarPerm extractEntry front-end/Images/statusbarButtonsChromium.png
406 silly gunzTarPerm extractEntry front-end/Images/statusbarMenuButton.png
407 silly gunzTarPerm extractEntry front-end/Images/statusbarMenuButtonChromium.png
408 silly gunzTarPerm extractEntry front-end/Images/statusbarMenuButtonSelected.png
409 silly gunzTarPerm extractEntry front-end/Images/statusbarMenuButtonSelectedChromium.png
410 silly gunzTarPerm extractEntry front-end/Images/statusbarResizerHorizontal.png
411 silly gunzTarPerm extractEntry front-end/Images/statusbarResizerVertical.png
412 silly gunzTarPerm extractEntry front-end/Images/successGreenDot.png
413 silly gunzTarPerm extractEntry front-end/Images/thumbActiveHoriz.png
414 silly gunzTarPerm extractEntry front-end/Images/thumbActiveVert.png
415 silly gunzTarPerm extractEntry front-end/Images/thumbHoriz.png
416 silly gunzTarPerm extractEntry front-end/Images/thumbHoverHoriz.png
417 silly gunzTarPerm extractEntry front-end/Images/thumbHoverVert.png
418 silly gunzTarPerm extractEntry front-end/Images/thumbVert.png
419 silly gunzTarPerm extractEntry front-end/Images/timelineBarBlue.png
420 silly gunzTarPerm extractEntry front-end/Images/timelineBarGray.png
421 silly gunzTarPerm extractEntry front-end/Images/timelineBarGreen.png
422 silly gunzTarPerm extractEntry front-end/Images/timelineBarOrange.png
423 silly gunzTarPerm extractEntry front-end/Images/timelineBarPurple.png
424 silly gunzTarPerm extractEntry front-end/Images/timelineBarRed.png
425 silly gunzTarPerm extractEntry front-end/Images/timelineBarYellow.png
426 silly gunzTarPerm extractEntry front-end/Images/timelineCheckmarks.png
427 silly gunzTarPerm extractEntry front-end/Images/timelineDots.png
428 silly gunzTarPerm extractEntry front-end/Images/timelineHollowPillBlue.png
429 silly gunzTarPerm extractEntry front-end/Images/timelineHollowPillGray.png
430 silly gunzTarPerm extractEntry front-end/Images/timelineHollowPillGreen.png
431 silly gunzTarPerm extractEntry front-end/Images/timelineHollowPillOrange.png
432 silly gunzTarPerm extractEntry front-end/Images/timelineHollowPillPurple.png
433 silly gunzTarPerm extractEntry front-end/Images/timelineHollowPillRed.png
434 silly gunzTarPerm extractEntry front-end/Images/timelineHollowPillYellow.png
435 silly gunzTarPerm extractEntry front-end/Images/timelineIcon.png
436 silly gunzTarPerm extractEntry front-end/Images/timelinePillBlue.png
437 silly gunzTarPerm extractEntry front-end/Images/timelinePillGray.png
438 silly gunzTarPerm extractEntry front-end/Images/timelinePillGreen.png
439 silly gunzTarPerm extractEntry front-end/Images/timelinePillOrange.png
440 silly gunzTarPerm extractEntry front-end/Images/timelinePillPurple.png
441 silly gunzTarPerm extractEntry front-end/Images/timelinePillRed.png
442 silly gunzTarPerm extractEntry front-end/Images/timelinePillYellow.png
443 silly gunzTarPerm extractEntry front-end/Images/toolbarIcons.png
444 silly gunzTarPerm extractEntry front-end/Images/toolbarIconsSmall.png
445 silly gunzTarPerm extractEntry front-end/Images/toolbarItemSelected.png
446 silly gunzTarPerm extractEntry front-end/Images/trackHoriz.png
447 silly gunzTarPerm extractEntry front-end/Images/trackVert.png
448 silly gunzTarPerm extractEntry front-end/Images/treeDownTriangleBlack.png
449 silly gunzTarPerm extractEntry front-end/Images/treeDownTriangleWhite.png
450 silly gunzTarPerm extractEntry front-end/Images/treeRightTriangleBlack.png
451 silly gunzTarPerm extractEntry front-end/Images/treeRightTriangleWhite.png
452 silly gunzTarPerm extractEntry front-end/Images/treeUpTriangleBlack.png
453 silly gunzTarPerm extractEntry front-end/Images/treeUpTriangleWhite.png
454 silly gunzTarPerm extractEntry front-end/Images/undockButtonGlyph.png
455 silly gunzTarPerm extractEntry front-end/Images/userInputIcon.png
456 silly gunzTarPerm extractEntry front-end/Images/userInputPreviousIcon.png
457 silly gunzTarPerm extractEntry front-end/Images/userInputResultIcon.png
458 silly gunzTarPerm extractEntry front-end/Images/warningIcon.png
459 silly gunzTarPerm extractEntry front-end/Images/warningMediumIcon.png
460 silly gunzTarPerm extractEntry front-end/Images/warningOrangeDot.png
461 silly gunzTarPerm extractEntry front-end/Images/warningsErrors.png
462 silly gunzTarPerm extractEntry front-end/index.html
463 silly gunzTarPerm extractEntry front-end/navigatorView.css
464 silly gunzTarPerm extractEntry front-end/devtools.css
465 silly gunzTarPerm extractEntry front-end/scriptsPanel.css
466 silly gunzTarPerm extractEntry front-end/splitView.css
467 silly gunzTarPerm extractEntry front-end/tabbedPane.css
468 silly gunzTarPerm extractEntry front-end/textPrompt.css
469 silly gunzTarPerm extractEntry front-end/textViewer.css
470 silly gunzTarPerm extractEntry lib/callback.js
471 silly gunzTarPerm extractEntry lib/client.js
472 silly gunzTarPerm extractEntry lib/debug-server.js
473 silly gunzTarPerm extractEntry lib/protocol.js
474 silly gunzTarPerm extractEntry lib/session2.js
475 silly gunzTarPerm extractEntry lib/v2w.js
476 silly gunzTarPerm extractEntry lib/front-end/browser.js
477 silly gunzTarPerm extractEntry lib/front-end/callframe.js
478 silly gunzTarPerm extractEntry lib/front-end/console.js
479 silly gunzTarPerm extractEntry lib/front-end/debugger.js
480 silly gunzTarPerm extractEntry lib/front-end/location.js
481 silly gunzTarPerm extractEntry lib/front-end/remote-object.js
482 silly gunzTarPerm extractEntry lib/front-end/runtime.js
483 silly gunzTarPerm extractEntry lib/front-end/scope.js
484 silly gunzTarPerm extractEntry readme.md
485 silly gunzTarPerm extractEntry test/hello.js
486 verbose read json /Users/maccenter/.npm/node-inspector/0.2.0beta4/package/package.json
487 silly lockFile c7661f49-ode-inspector-0-2-0beta4-package /Users/maccenter/.npm/node-inspector/0.2.0beta4/package
488 silly shasum updated bytes 40960
489 silly shasum updated bytes 40960
490 silly shasum updated bytes 40960
491 silly shasum updated bytes 40960
492 silly shasum updated bytes 40960
493 silly shasum updated bytes 40960
494 silly shasum updated bytes 40960
495 silly shasum updated bytes 40960
496 silly shasum updated bytes 40960
497 silly shasum updated bytes 40960
498 silly shasum updated bytes 40960
499 silly shasum updated bytes 40960
500 silly shasum updated bytes 40960
501 silly shasum updated bytes 40960
502 silly shasum updated bytes 40960
503 silly shasum updated bytes 40960
504 silly shasum updated bytes 26686
505 info shasum 61ed34fd7ab2aa5c1025af437daef38caadce518
505 info shasum /Users/maccenter/.npm/node-inspector/0.2.0beta4/package.tgz
506 verbose from cache /Users/maccenter/.npm/node-inspector/0.2.0beta4/package/package.json
507 verbose chmod /Users/maccenter/.npm/node-inspector/0.2.0beta4/package.tgz 644
508 verbose chown /Users/maccenter/.npm/node-inspector/0.2.0beta4/package.tgz [ 501, 20 ]
509 silly lockFile c7ebfedc-or-node-inspector-0-2-0beta4-tgz https://registry.npmjs.org/node-inspector/-/node-inspector-0.2.0beta4.tgz
510 silly lockFile a798fff4-node-inspector-0-2-0beta4 node-inspector@0.2.0beta4
511 silly lockFile e68b88da-node-inspector node-inspector@
512 silly resolved [ { name: 'node-inspector',
512 silly resolved     version: '0.2.0beta4',
512 silly resolved     description: 'Web Inspector based nodeJS debugger',
512 silly resolved     homepage: 'http://github.com/dannycoates/node-inspector',
512 silly resolved     author: { name: 'Danny Coates', email: 'dannycoates@gmail.com' },
512 silly resolved     keywords: [ 'debug', 'debugger', 'inspector', 'profiler' ],
512 silly resolved     repository:
512 silly resolved      { type: 'git',
512 silly resolved        url: 'http://github.com/dannycoates/node-inspector.git' },
512 silly resolved     engines: { node: '>=0.6.0' },
512 silly resolved     bin: { 'node-inspector': './bin/inspector.js' },
512 silly resolved     dependencies: { 'socket.io': '0.9.14', connect: '2.7.3', async: '0.2.6' },
512 silly resolved     preferGlobal: true,
512 silly resolved     readme: 'Node Inspector is a debugger interface for nodeJS using the WebKit Web Inspector.\n\n## Getting Started\n\n### Requirements\n\n* [nodeJS](http://github.com/ry/node)\n  - versions: 0.3.0 or later\n* [npm](http://github.com/isaacs/npm)\n* A WebKit based browser: Chrome, Safari, etc.\n\n* Optional [v8-profiler](http://github.com/dannycoates/v8-profiler) to use the profiles panel\n\n### Install\n\n* With [npm](http://github.com/isaacs/npm)\n\n        $ npm install -g node-inspector\n\n### Enable debug mode\n\nTo use node-inspector, enable debugging on the node you wish to debug.\nYou can either start node with a debug flag like:\n\n    $ node --debug your/node/program.js\n\nor, to pause your script on the first line:\n\n    $ node --debug-brk your/short/node/script.js\n\nOr you can enable debugging on a node that is already running by sending\nit a signal:\n\n1. Get the PID of the node process using your favorite method. `pgrep` or `ps -ef` are good\n\n\t\t$ pgrep -l node\n\t\t2345 node your/node/server.js\n\n2. Send it the USR1 signal\n\n\t\t$ kill -s USR1 2345\n\nGreat! Now you are ready to attach node-inspector\n\n### Debugging\n\n1. start the inspector. I usually put it in the background\n\n\t\t$ node-inspector &\n\n2. open http://127.0.0.1:8080/debug?port=5858 in your favorite WebKit based browser\n\n3. you should now see the javascript source from node. If you don\'t, click the scripts tab.\n\n4. select a script and set some breakpoints (far left line numbers)\n\n5. then watch the [screencasts](http://www.youtube.com/view_play_list?p=A5216AC29A41EFA8)\n\nFor more information on getting started see the [wiki](http://github.com/dannycoates/node-inspector/wiki/Getting-Started---from-scratch)\n\nnode-inspector works almost exactly like the web inspector in Safari and\nChrome. Here\'s a good [overview](http://code.google.com/chrome/devtools/docs/scripts.html) of the UI\n\n## FAQ / WTF\n\n1. I don\'t see one of my script files in the file list.\n\n    > try refreshing the browser (F5 or command-r)\n\n2. My script runs too fast to attach the debugger.\n\n    > use `--debug-brk` to pause the script on the first line\n\n3. I got the ui in a weird state.\n\n    > when in doubt, refresh\n    \n4. Can I debug remotely?\n\n    > Yes. node-inspector must be running on the same machine, but your browser can be anywhere. Just make sure port 8080 is accessible\n\n## Inspector options\n\n    --web-port=[port]     port to host the inspector (default 8080)\n\n## Cool stuff\n\n* the WebKit Web Inspector debugger is a great js debugger interface, it works just as well for node\n* uses WebSockets, so no polling for breaks\n* remote debugging\n* javascript top to bottom :)\n* [edit running code](http://github.com/dannycoates/node-inspector/wiki/LiveEdit)\n\n## Known Issues\n\nThis is beta quality code, so use at your own risk:\n\n* be careful about viewing the contents of Buffer objects, each byte is displayed as an individual array element, for anything but tiny Buffers this will take too long to render\n* while not stopped at a breakpoint the console doesn\'t always behave as you might expect\n\n## Profiling\n\n**VERY EXPERIMENTAL**\nI don\'t recommend using this yet\n\nTo use the profiles panel, install the v8-profiler module:\n\n    npm install v8-profiler\n\nTo use it do something like:\n\n```javascript\nvar profiler = require(\'v8-profiler\');\n\nprofiler.startProfiling(\'startup\');\nslowStartupFoo();\nprofiler.stopProfiling(\'startup\');\n\nprofiler.takeSnapshot(\'beforeLeak\');\nleakyFoo();\nprofiler.takeSnapshot(\'afterLeak\');\n```\n\nThen view the profiling results with the profiles panel in node-inspector. You can\nalso take heap snapshots on demand from the profiles panel.\n\n## Thanks\n\nThis project respectfully uses code from and thanks the authors of:\n\n* [WebKit](http://webkit.org/building/checkout.html)\n* [node](http://github.com/ry/node)\n* [socket.io](http://github.com/LearnBoost/socket.io)\n* [node-paperboy](http://github.com/felixge/node-paperboy)\n\n\n',
512 silly resolved     readmeFilename: 'readme.md',
512 silly resolved     _id: 'node-inspector@0.2.0beta4',
512 silly resolved     dist: { shasum: '61ed34fd7ab2aa5c1025af437daef38caadce518' },
512 silly resolved     _from: 'node-inspector' } ]
513 info install node-inspector@0.2.0beta4 into /usr/local/lib
514 info installOne node-inspector@0.2.0beta4
515 verbose from cache /Users/maccenter/.npm/node-inspector/0.2.0beta4/package/package.json
516 info /usr/local/lib/node_modules/node-inspector unbuild
517 verbose read json /usr/local/lib/node_modules/node-inspector/package.json
518 info preuninstall node-inspector@0.2.0beta3
519 info uninstall node-inspector@0.2.0beta3
520 verbose true,/usr/local/lib/node_modules,/usr/local/lib/node_modules unbuild node-inspector@0.2.0beta3
521 verbose /usr/local/bin,[object Object] binRoot
522 info /usr/local/lib/node_modules/node-inspector unbuild
523 verbose read json /usr/local/lib/node_modules/node-inspector/package.json
524 info preuninstall node-inspector@0.2.0beta3
525 info uninstall node-inspector@0.2.0beta3
526 verbose true,/usr/local/lib/node_modules,/usr/local/lib/node_modules unbuild node-inspector@0.2.0beta3
527 verbose /usr/local/bin,[object Object] binRoot
528 error error rolling back Error: EPERM, chmod '/usr/local/bin/node-inspector'
528 error error rolling back  node-inspector@0.2.0beta4 { [Error: EPERM, chmod '/usr/local/bin/node-inspector']
528 error error rolling back   errno: 50,
528 error error rolling back   code: 'EPERM',
528 error error rolling back   path: '/usr/local/bin/node-inspector' }
529 error Error: EPERM, chmod '/usr/local/bin/node-inspector'
529 error  { [Error: EPERM, chmod '/usr/local/bin/node-inspector']
529 error   errno: 50,
529 error   code: 'EPERM',
529 error   path: '/usr/local/bin/node-inspector' }
530 error Please try running this command again as root/Administrator.
531 error System Darwin 12.2.0
532 error command "node" "/usr/local/bin/npm" "install" "-g" "node-inspector"
533 error cwd /Users/maccenter/Working/projects/atm/api/api
534 error node -v v0.8.14
535 error npm -v 1.1.65
536 error path /usr/local/bin/node-inspector
537 error code EPERM
538 error errno 50
539 error stack Error: EPERM, chmod '/usr/local/bin/node-inspector'
540 verbose exit [ 50, true ]
